\BOOKMARK [0][-]{chapter.1}{\376\377\0001\000\040\000T\000h\000e\000\040\000M\000I\000T\000\040\000L\000i\000c\000e\000n\000s\000e\000\040\000\050\000M\000I\000T\000\051}{}% 1
\BOOKMARK [0][-]{chapter.2}{\376\377\0002\000\040\000N\000a\000m\000e\000s\000p\000a\000c\000e\000\040\000I\000n\000d\000e\000x}{}% 2
\BOOKMARK [1][-]{section.2.1}{\376\377\0002\000.\0001\000\040\000P\000a\000c\000k\000a\000g\000e\000s}{chapter.2}% 3
\BOOKMARK [0][-]{chapter.3}{\376\377\0003\000\040\000H\000i\000e\000r\000a\000r\000c\000h\000i\000c\000a\000l\000\040\000I\000n\000d\000e\000x}{}% 4
\BOOKMARK [1][-]{section.3.1}{\376\377\0003\000.\0001\000\040\000C\000l\000a\000s\000s\000\040\000H\000i\000e\000r\000a\000r\000c\000h\000y}{chapter.3}% 5
\BOOKMARK [0][-]{chapter.4}{\376\377\0004\000\040\000C\000l\000a\000s\000s\000\040\000I\000n\000d\000e\000x}{}% 6
\BOOKMARK [1][-]{section.4.1}{\376\377\0004\000.\0001\000\040\000C\000l\000a\000s\000s\000\040\000L\000i\000s\000t}{chapter.4}% 7
\BOOKMARK [0][-]{chapter.5}{\376\377\0005\000\040\000F\000i\000l\000e\000\040\000I\000n\000d\000e\000x}{}% 8
\BOOKMARK [1][-]{section.5.1}{\376\377\0005\000.\0001\000\040\000F\000i\000l\000e\000\040\000L\000i\000s\000t}{chapter.5}% 9
\BOOKMARK [0][-]{chapter.6}{\376\377\0006\000\040\000N\000a\000m\000e\000s\000p\000a\000c\000e\000\040\000D\000o\000c\000u\000m\000e\000n\000t\000a\000t\000i\000o\000n}{}% 10
\BOOKMARK [1][-]{section.6.1}{\376\377\0006\000.\0001\000\040\000A\000s\000p\000N\000e\000t\000C\000o\000r\000e\000\040\000N\000a\000m\000e\000s\000p\000a\000c\000e\000\040\000R\000e\000f\000e\000r\000e\000n\000c\000e}{chapter.6}% 11
\BOOKMARK [1][-]{section.6.2}{\376\377\0006\000.\0002\000\040\000S\000o\000n\000g\000C\000h\000o\000r\000d\000s\000R\000e\000c\000o\000g\000n\000i\000z\000e\000r\000\040\000N\000a\000m\000e\000s\000p\000a\000c\000e\000\040\000R\000e\000f\000e\000r\000e\000n\000c\000e}{chapter.6}% 12
\BOOKMARK [1][-]{section.6.3}{\376\377\0006\000.\0003\000\040\000S\000o\000n\000g\000C\000h\000o\000r\000d\000s\000R\000e\000c\000o\000g\000n\000i\000z\000e\000r\000.\000A\000u\000d\000i\000o\000S\000o\000u\000r\000c\000e\000\040\000N\000a\000m\000e\000s\000p\000a\000c\000e\000\040\000R\000e\000f\000e\000r\000e\000n\000c\000e}{chapter.6}% 13
\BOOKMARK [1][-]{section.6.4}{\376\377\0006\000.\0004\000\040\000S\000o\000n\000g\000C\000h\000o\000r\000d\000s\000R\000e\000c\000o\000g\000n\000i\000z\000e\000r\000.\000E\000r\000r\000o\000r\000M\000e\000s\000s\000a\000g\000e\000s\000\040\000N\000a\000m\000e\000s\000p\000a\000c\000e\000\040\000R\000e\000f\000e\000r\000e\000n\000c\000e}{chapter.6}% 14
\BOOKMARK [1][-]{section.6.5}{\376\377\0006\000.\0005\000\040\000S\000o\000n\000g\000C\000h\000o\000r\000d\000s\000R\000e\000c\000o\000g\000n\000i\000z\000e\000r\000.\000F\000o\000u\000r\000i\000e\000r\000T\000r\000a\000n\000s\000f\000o\000r\000m\000\040\000N\000a\000m\000e\000s\000p\000a\000c\000e\000\040\000R\000e\000f\000e\000r\000e\000n\000c\000e}{chapter.6}% 15
\BOOKMARK [1][-]{section.6.6}{\376\377\0006\000.\0006\000\040\000S\000o\000n\000g\000C\000h\000o\000r\000d\000s\000R\000e\000c\000o\000g\000n\000i\000z\000e\000r\000.\000G\000r\000a\000p\000h\000s\000\040\000N\000a\000m\000e\000s\000p\000a\000c\000e\000\040\000R\000e\000f\000e\000r\000e\000n\000c\000e}{chapter.6}% 16
\BOOKMARK [1][-]{section.6.7}{\376\377\0006\000.\0007\000\040\000S\000o\000n\000g\000C\000h\000o\000r\000d\000s\000R\000e\000c\000o\000g\000n\000i\000z\000e\000r\000.\000M\000u\000s\000i\000c\000F\000e\000a\000t\000u\000r\000e\000s\000\040\000N\000a\000m\000e\000s\000p\000a\000c\000e\000\040\000R\000e\000f\000e\000r\000e\000n\000c\000e}{chapter.6}% 17
\BOOKMARK [1][-]{section.6.8}{\376\377\0006\000.\0008\000\040\000S\000o\000n\000g\000C\000h\000o\000r\000d\000s\000R\000e\000c\000o\000g\000n\000i\000z\000e\000r\000.\000P\000a\000r\000s\000e\000r\000s\000\040\000N\000a\000m\000e\000s\000p\000a\000c\000e\000\040\000R\000e\000f\000e\000r\000e\000n\000c\000e}{chapter.6}% 18
\BOOKMARK [1][-]{section.6.9}{\376\377\0006\000.\0009\000\040\000W\000e\000b\000S\000o\000n\000g\000C\000h\000o\000r\000d\000s\000R\000e\000c\000o\000g\000n\000i\000z\000e\000r\000\040\000N\000a\000m\000e\000s\000p\000a\000c\000e\000\040\000R\000e\000f\000e\000r\000e\000n\000c\000e}{chapter.6}% 19
\BOOKMARK [1][-]{section.6.10}{\376\377\0006\000.\0001\0000\000\040\000W\000e\000b\000S\000o\000n\000g\000C\000h\000o\000r\000d\000s\000R\000e\000c\000o\000g\000n\000i\000z\000e\000r\000.\000C\000o\000n\000t\000r\000o\000l\000l\000e\000r\000s\000\040\000N\000a\000m\000e\000s\000p\000a\000c\000e\000\040\000R\000e\000f\000e\000r\000e\000n\000c\000e}{chapter.6}% 20
\BOOKMARK [1][-]{section.6.11}{\376\377\0006\000.\0001\0001\000\040\000W\000e\000b\000S\000o\000n\000g\000C\000h\000o\000r\000d\000s\000R\000e\000c\000o\000g\000n\000i\000z\000e\000r\000.\000M\000o\000d\000e\000l\000s\000\040\000N\000a\000m\000e\000s\000p\000a\000c\000e\000\040\000R\000e\000f\000e\000r\000e\000n\000c\000e}{chapter.6}% 21
\BOOKMARK [0][-]{chapter.7}{\376\377\0007\000\040\000C\000l\000a\000s\000s\000\040\000D\000o\000c\000u\000m\000e\000n\000t\000a\000t\000i\000o\000n}{}% 22
\BOOKMARK [1][-]{section.7.1}{\376\377\0007\000.\0001\000\040\000S\000o\000n\000g\000C\000h\000o\000r\000d\000s\000R\000e\000c\000o\000g\000n\000i\000z\000e\000r\000.\000G\000r\000a\000p\000h\000s\000.\000A\000c\000c\000o\000m\000p\000a\000n\000i\000m\000e\000n\000t\000F\000r\000e\000q\000u\000e\000n\000c\000y\000A\000r\000e\000a\000M\000a\000s\000k\000\040\000C\000l\000a\000s\000s\000\040\000R\000e\000f\000e\000r\000e\000n\000c\000e}{chapter.7}% 23
\BOOKMARK [2][-]{subsection.7.1.1}{\376\377\0007\000.\0001\000.\0001\000\040\000D\000e\000t\000a\000i\000l\000e\000d\000\040\000D\000e\000s\000c\000r\000i\000p\000t\000i\000o\000n}{section.7.1}% 24
\BOOKMARK [2][-]{subsection.7.1.2}{\376\377\0007\000.\0001\000.\0002\000\040\000M\000e\000m\000b\000e\000r\000\040\000F\000u\000n\000c\000t\000i\000o\000n\000\040\000D\000o\000c\000u\000m\000e\000n\000t\000a\000t\000i\000o\000n}{section.7.1}% 25
\BOOKMARK [3][-]{subsubsection.7.1.2.1}{\376\377\0007\000.\0001\000.\0002\000.\0001\000\040\000F\000i\000l\000t\000e\000r\000\050\000\051}{subsection.7.1.2}% 26
\BOOKMARK [1][-]{section.7.2}{\376\377\0007\000.\0002\000\040\000S\000o\000n\000g\000C\000h\000o\000r\000d\000s\000R\000e\000c\000o\000g\000n\000i\000z\000e\000r\000.\000A\000u\000d\000i\000o\000S\000o\000u\000r\000c\000e\000.\000A\000u\000d\000i\000o\000S\000o\000u\000r\000c\000e\000\040\000C\000l\000a\000s\000s\000\040\000R\000e\000f\000e\000r\000e\000n\000c\000e}{chapter.7}% 27
\BOOKMARK [2][-]{subsection.7.2.1}{\376\377\0007\000.\0002\000.\0001\000\040\000D\000e\000t\000a\000i\000l\000e\000d\000\040\000D\000e\000s\000c\000r\000i\000p\000t\000i\000o\000n}{section.7.2}% 28
\BOOKMARK [2][-]{subsection.7.2.2}{\376\377\0007\000.\0002\000.\0002\000\040\000C\000o\000n\000s\000t\000r\000u\000c\000t\000o\000r\000\040\000\046\000\040\000D\000e\000s\000t\000r\000u\000c\000t\000o\000r\000\040\000D\000o\000c\000u\000m\000e\000n\000t\000a\000t\000i\000o\000n}{section.7.2}% 29
\BOOKMARK [3][-]{subsubsection.7.2.2.1}{\376\377\0007\000.\0002\000.\0002\000.\0001\000\040\000A\000u\000d\000i\000o\000S\000o\000u\000r\000c\000e\000\050\000\051\000\040\000[\0001\000/\0002\000]}{subsection.7.2.2}% 30
\BOOKMARK [3][-]{subsubsection.7.2.2.2}{\376\377\0007\000.\0002\000.\0002\000.\0002\000\040\000A\000u\000d\000i\000o\000S\000o\000u\000r\000c\000e\000\050\000\051\000\040\000[\0002\000/\0002\000]}{subsection.7.2.2}% 31
\BOOKMARK [2][-]{subsection.7.2.3}{\376\377\0007\000.\0002\000.\0003\000\040\000M\000e\000m\000b\000e\000r\000\040\000F\000u\000n\000c\000t\000i\000o\000n\000\040\000D\000o\000c\000u\000m\000e\000n\000t\000a\000t\000i\000o\000n}{section.7.2}% 32
\BOOKMARK [3][-]{subsubsection.7.2.3.1}{\376\377\0007\000.\0002\000.\0003\000.\0001\000\040\000G\000e\000t\000M\000o\000n\000o\000W\000a\000v\000e\000f\000o\000r\000m\000\050\000\051}{subsection.7.2.3}% 33
\BOOKMARK [3][-]{subsubsection.7.2.3.2}{\376\377\0007\000.\0002\000.\0003\000.\0002\000\040\000P\000a\000r\000s\000e\000A\000u\000d\000i\000o\000D\000a\000t\000a\000\050\000\051}{subsection.7.2.3}% 34
\BOOKMARK [2][-]{subsection.7.2.4}{\376\377\0007\000.\0002\000.\0004\000\040\000P\000r\000o\000p\000e\000r\000t\000y\000\040\000D\000o\000c\000u\000m\000e\000n\000t\000a\000t\000i\000o\000n}{section.7.2}% 35
\BOOKMARK [3][-]{subsubsection.7.2.4.1}{\376\377\0007\000.\0002\000.\0004\000.\0001\000\040\000A\000u\000d\000i\000o\000D\000a\000t\000a}{subsection.7.2.4}% 36
\BOOKMARK [3][-]{subsubsection.7.2.4.2}{\376\377\0007\000.\0002\000.\0004\000.\0002\000\040\000a\000u\000d\000i\000o\000P\000a\000t\000h}{subsection.7.2.4}% 37
\BOOKMARK [3][-]{subsubsection.7.2.4.3}{\376\377\0007\000.\0002\000.\0004\000.\0003\000\040\000A\000u\000d\000i\000o\000W\000a\000v\000e\000f\000o\000r\000m}{subsection.7.2.4}% 38
\BOOKMARK [3][-]{subsubsection.7.2.4.4}{\376\377\0007\000.\0002\000.\0004\000.\0004\000\040\000N\000u\000m\000b\000e\000r\000O\000f\000S\000a\000m\000p\000l\000e\000s}{subsection.7.2.4}% 39
\BOOKMARK [3][-]{subsubsection.7.2.4.5}{\376\377\0007\000.\0002\000.\0004\000.\0005\000\040\000S\000a\000m\000p\000l\000e\000L\000e\000n\000g\000t\000h}{subsection.7.2.4}% 40
\BOOKMARK [1][-]{section.7.3}{\376\377\0007\000.\0003\000\040\000S\000o\000n\000g\000C\000h\000o\000r\000d\000s\000R\000e\000c\000o\000g\000n\000i\000z\000e\000r\000.\000A\000u\000d\000i\000o\000S\000o\000u\000r\000c\000e\000.\000A\000u\000d\000i\000o\000S\000o\000u\000r\000c\000e\000W\000a\000v\000\040\000C\000l\000a\000s\000s\000\040\000R\000e\000f\000e\000r\000e\000n\000c\000e}{chapter.7}% 41
\BOOKMARK [2][-]{subsection.7.3.1}{\376\377\0007\000.\0003\000.\0001\000\040\000D\000e\000t\000a\000i\000l\000e\000d\000\040\000D\000e\000s\000c\000r\000i\000p\000t\000i\000o\000n}{section.7.3}% 42
\BOOKMARK [2][-]{subsection.7.3.2}{\376\377\0007\000.\0003\000.\0002\000\040\000C\000o\000n\000s\000t\000r\000u\000c\000t\000o\000r\000\040\000\046\000\040\000D\000e\000s\000t\000r\000u\000c\000t\000o\000r\000\040\000D\000o\000c\000u\000m\000e\000n\000t\000a\000t\000i\000o\000n}{section.7.3}% 43
\BOOKMARK [3][-]{subsubsection.7.3.2.1}{\376\377\0007\000.\0003\000.\0002\000.\0001\000\040\000A\000u\000d\000i\000o\000S\000o\000u\000r\000c\000e\000W\000a\000v\000\050\000\051\000\040\000[\0001\000/\0002\000]}{subsection.7.3.2}% 44
\BOOKMARK [3][-]{subsubsection.7.3.2.2}{\376\377\0007\000.\0003\000.\0002\000.\0002\000\040\000A\000u\000d\000i\000o\000S\000o\000u\000r\000c\000e\000W\000a\000v\000\050\000\051\000\040\000[\0002\000/\0002\000]}{subsection.7.3.2}% 45
\BOOKMARK [2][-]{subsection.7.3.3}{\376\377\0007\000.\0003\000.\0003\000\040\000M\000e\000m\000b\000e\000r\000\040\000F\000u\000n\000c\000t\000i\000o\000n\000\040\000D\000o\000c\000u\000m\000e\000n\000t\000a\000t\000i\000o\000n}{section.7.3}% 46
\BOOKMARK [3][-]{subsubsection.7.3.3.1}{\376\377\0007\000.\0003\000.\0003\000.\0001\000\040\000P\000a\000r\000s\000e\000A\000u\000d\000i\000o\000D\000a\000t\000a\000\050\000\051}{subsection.7.3.3}% 47
\BOOKMARK [2][-]{subsection.7.3.4}{\376\377\0007\000.\0003\000.\0004\000\040\000P\000r\000o\000p\000e\000r\000t\000y\000\040\000D\000o\000c\000u\000m\000e\000n\000t\000a\000t\000i\000o\000n}{section.7.3}% 48
\BOOKMARK [3][-]{subsubsection.7.3.4.1}{\376\377\0007\000.\0003\000.\0004\000.\0001\000\040\000B\000i\000t\000s\000P\000e\000r\000S\000a\000m\000p\000l\000e}{subsection.7.3.4}% 49
\BOOKMARK [3][-]{subsubsection.7.3.4.2}{\376\377\0007\000.\0003\000.\0004\000.\0002\000\040\000B\000l\000o\000c\000k\000A\000l\000i\000g\000n}{subsection.7.3.4}% 50
